0 info it worked if it ends with ok
1 verbose cli [ '/usr/local/bin/node', '/usr/local/bin/npm', 'start' ]
2 info using npm@3.8.5
3 info using node@v4.3.0
4 verbose run-script [ 'prestart', 'start', 'poststart' ]
5 info lifecycle new_app@~prestart: new_app@
6 silly lifecycle new_app@~prestart: no script for prestart, continuing
7 info lifecycle new_app@~start: new_app@
8 verbose lifecycle new_app@~start: unsafe-perm in lifecycle true
9 verbose lifecycle new_app@~start: PATH: /usr/local/lib/node_modules/npm/bin/node-gyp-bin:/Users/kyleshin/Desktop/sports_highlights/node_modules/.bin:/usr/local/bin:/Users/kyleshin/.rvm/gems/ruby-2.2.1/bin:/Users/kyleshin/.rvm/gems/ruby-2.2.1@global/bin:/Users/kyleshin/.rvm/rubies/ruby-2.2.1/bin:/usr/local/bin:/usr/bin:/bin:/usr/sbin:/sbin:/Users/kyleshin/.rvm/bin
10 verbose lifecycle new_app@~start: CWD: /Users/kyleshin/Desktop/sports_highlights
11 silly lifecycle new_app@~start: Args: [ '-c', 'node server.js' ]
12 silly lifecycle new_app@~start: Returned: code: 1  signal: null
13 info lifecycle new_app@~start: Failed to exec start script
14 verbose stack Error: new_app@ start: `node server.js`
14 verbose stack Exit status 1
14 verbose stack     at EventEmitter.<anonymous> (/usr/local/lib/node_modules/npm/lib/utils/lifecycle.js:239:16)
14 verbose stack     at emitTwo (events.js:87:13)
14 verbose stack     at EventEmitter.emit (events.js:172:7)
14 verbose stack     at ChildProcess.<anonymous> (/usr/local/lib/node_modules/npm/lib/utils/spawn.js:24:14)
14 verbose stack     at emitTwo (events.js:87:13)
14 verbose stack     at ChildProcess.emit (events.js:172:7)
14 verbose stack     at maybeClose (internal/child_process.js:821:16)
14 verbose stack     at Process.ChildProcess._handle.onexit (internal/child_process.js:211:5)
15 verbose pkgid new_app@
16 verbose cwd /Users/kyleshin/Desktop/sports_highlights
17 error Darwin 15.3.0
18 error argv "/usr/local/bin/node" "/usr/local/bin/npm" "start"
19 error node v4.3.0
20 error npm  v3.8.5
21 error code ELIFECYCLE
22 error new_app@ start: `node server.js`
22 error Exit status 1
23 error Failed at the new_app@ start script 'node server.js'.
23 error Make sure you have the latest version of node.js and npm installed.
23 error If you do, this is most likely a problem with the new_app package,
23 error not with npm itself.
23 error Tell the author that this fails on your system:
23 error     node server.js
23 error You can get information on how to open an issue for this project with:
23 error     npm bugs new_app
23 error Or if that isn't available, you can get their info via:
23 error     npm owner ls new_app
23 error There is likely additional logging output above.
24 verbose exit [ 1, true ]
